<?xml version="1.0" encoding="UTF-8"?>
<!-- Generated by org.testng.reporters.JUnitReportReporter -->
<testsuite hostname="JARVIS" failures="0" tests="10" name="com.mindtree.runner.BDDTestRunner" time="374.254" errors="1" timestamp="2022-01-17T11:20:03 IST" skipped="0">
  <testcase classname="com.mindtree.runner.BDDTestRunner" name="runScenario" time="29.951"/>
  <testcase classname="com.mindtree.runner.BDDTestRunner" name="runScenario" time="32.844"/>
  <testcase classname="com.mindtree.runner.BDDTestRunner" name="runScenario" time="30.017"/>
  <testcase classname="com.mindtree.runner.BDDTestRunner" name="runScenario" time="46.143"/>
  <testcase classname="com.mindtree.runner.BDDTestRunner" name="runScenario" time="38.857"/>
  <testcase classname="com.mindtree.runner.BDDTestRunner" name="runScenario" time="25.357"/>
  <testcase classname="com.mindtree.runner.BDDTestRunner" name="runScenario" time="17.908"/>
  <testcase classname="com.mindtree.runner.BDDTestRunner" name="runScenario" time="37.849">
    <error message="no such element: Unable to locate element: {&quot;method&quot;:&quot;xpath&quot;,&quot;selector&quot;:&quot;//div[@class=&#039;card ng-star-inserted&#039;]&quot;}
  (Session info: chrome=97.0.4692.71)
For documentation on this error, please visit: https://www.seleniumhq.org/exceptions/no_such_element.html
Build info: version: &#039;3.141.59&#039;, revision: &#039;e82be7d358&#039;, time: &#039;2018-11-14T08:17:03&#039;
System info: host: &#039;JARVIS&#039;, ip: &#039;192.168.43.101&#039;, os.name: &#039;Windows 10&#039;, os.arch: &#039;amd64&#039;, os.version: &#039;10.0&#039;, java.version: &#039;12&#039;
Driver info: org.openqa.selenium.chrome.ChromeDriver
Capabilities {acceptInsecureCerts: false, browserName: chrome, browserVersion: 97.0.4692.71, chrome: {chromedriverVersion: 96.0.4664.45 (76e4c1bb2ab46..., userDataDir: C:\Users\JARVIS\AppData\Loc...}, goog:chromeOptions: {debuggerAddress: localhost:59131}, javascriptEnabled: true, networkConnectionEnabled: false, pageLoadStrategy: normal, platform: WINDOWS, platformName: WINDOWS, proxy: Proxy(), setWindowRect: true, strictFileInteractability: false, timeouts: {implicit: 0, pageLoad: 300000, script: 30000}, unhandledPromptBehavior: dismiss and notify, webauthn:extension:credBlob: true, webauthn:extension:largeBlob: true, webauthn:virtualAuthenticators: true}
Session ID: 07e5c6607131debbc8daf03445b05142
*** Element info: {Using=xpath, value=//div[@class=&#039;card ng-star-inserted&#039;]}" type="com.mindtree.exceptions.PageObjectException">
      <![CDATA[com.mindtree.exceptions.PageObjectException: no such element: Unable to locate element: {"method":"xpath","selector":"//div[@class='card ng-star-inserted']"}
  (Session info: chrome=97.0.4692.71)
For documentation on this error, please visit: https://www.seleniumhq.org/exceptions/no_such_element.html
Build info: version: '3.141.59', revision: 'e82be7d358', time: '2018-11-14T08:17:03'
System info: host: 'JARVIS', ip: '192.168.43.101', os.name: 'Windows 10', os.arch: 'amd64', os.version: '10.0', java.version: '12'
Driver info: org.openqa.selenium.chrome.ChromeDriver
Capabilities {acceptInsecureCerts: false, browserName: chrome, browserVersion: 97.0.4692.71, chrome: {chromedriverVersion: 96.0.4664.45 (76e4c1bb2ab46..., userDataDir: C:\Users\JARVIS\AppData\Loc...}, goog:chromeOptions: {debuggerAddress: localhost:59131}, javascriptEnabled: true, networkConnectionEnabled: false, pageLoadStrategy: normal, platform: WINDOWS, platformName: WINDOWS, proxy: Proxy(), setWindowRect: true, strictFileInteractability: false, timeouts: {implicit: 0, pageLoad: 300000, script: 30000}, unhandledPromptBehavior: dismiss and notify, webauthn:extension:credBlob: true, webauthn:extension:largeBlob: true, webauthn:virtualAuthenticators: true}
Session ID: 07e5c6607131debbc8daf03445b05142
*** Element info: {Using=xpath, value=//div[@class='card ng-star-inserted']}
at com.mindtree.pageObject.airport.verify(airport.java:69)
at com.mindtree.stepDefinitions.airportStepDef.if_booking_detail_is_displayed_redirect_to_home_page(airportStepDef.java:83)
at âœ½.if booking detail is displayed redirect to home page(file:///C:/Users/JARVIS/eclipse-workspace-new/BDDAssessment/Features/airport.feature:15)
]]>
    </error>
  </testcase> <!-- runScenario -->
  <testcase classname="com.mindtree.runner.BDDTestRunner" name="runScenario" time="35.990"/>
  <testcase classname="com.mindtree.runner.BDDTestRunner" name="runScenario" time="79.338"/>
</testsuite> <!-- com.mindtree.runner.BDDTestRunner -->
